\BOOKMARK [0][-]{chapter.1}{\376\377\000B\000a\000s\000i\000c\000s}{}% 1
\BOOKMARK [1][-]{section.1.1}{\376\377\000C\000h\000a\000r\000a\000c\000t\000e\000r\000i\000s\000t\000i\000c\000\040\000p\000a\000r\000a\000m\000e\000t\000e\000r\000s}{chapter.1}% 2
\BOOKMARK [1][-]{section.1.2}{\376\377\000D\000i\000f\000f\000e\000r\000e\000n\000t\000i\000a\000l\000g\000e\000o\000m\000e\000t\000r\000i\000e\000\040\000/\000\040\000T\000h\000e\000o\000r\000e\000t\000i\000s\000c\000h\000e\000\040\000P\000h\000y\000s\000i\000k}{chapter.1}% 3
\BOOKMARK [2][-]{subsection.1.2.1}{\376\377\000K\000u\000r\000v\000e\000n}{section.1.2}% 4
\BOOKMARK [2][-]{subsection.1.2.2}{\376\377\000A\000l\000g\000e\000b\000r\000a\000i\000s\000c\000h\000e\000\040\000K\000u\000r\000v\000e}{section.1.2}% 5
\BOOKMARK [1][-]{section.1.3}{\376\377\000K\000i\000n\000e\000m\000a\000t\000i\000k}{chapter.1}% 6
\BOOKMARK [2][-]{subsection.1.3.1}{\376\377\000B\000e\000w\000e\000g\000u\000n\000g\000s\000z\000u\000s\000t\000a\000n\000d}{section.1.3}% 7
\BOOKMARK [2][-]{subsection.1.3.2}{\376\377\000G\000e\000s\000c\000h\000w\000i\000n\000d\000i\000g\000k\000e\000i\000t}{section.1.3}% 8
\BOOKMARK [2][-]{subsection.1.3.3}{\376\377\000B\000e\000s\000c\000h\000l\000e\000u\000n\000i\000g\000u\000n\000g}{section.1.3}% 9
\BOOKMARK [2][-]{subsection.1.3.4}{\376\377\000R\000u\000c\000k}{section.1.3}% 10
\BOOKMARK [1][-]{section.1.4}{\376\377\000O\000p\000t\000i\000m\000i\000e\000r\000u\000n\000g\000s\000t\000h\000e\000o\000r\000i\000e}{chapter.1}% 11
\BOOKMARK [2][-]{subsection.1.4.1}{\376\377\000G\000r\000u\000n\000d\000l\000a\000g\000e\000n\000\040\000d\000e\000r\000\040\000O\000p\000t\000i\000m\000i\000e\000r\000u\000n\000g\000s\000t\000h\000e\000o\000r\000i\000e}{section.1.4}% 12
\BOOKMARK [2][-]{subsection.1.4.2}{\376\377\000P\000e\000n\000a\000l\000t\000y\000-\000\040\000u\000n\000d\000\040\000M\000u\000l\000t\000i\000p\000l\000i\000k\000a\000t\000o\000r\000-\000V\000e\000r\000f\000a\000h\000r\000e\000n}{section.1.4}% 13
\BOOKMARK [2][-]{subsection.1.4.3}{\376\377\000S\000Q\000P\000-\000V\000e\000r\000f\000a\000h\000r\000e\000n}{section.1.4}% 14
\BOOKMARK [2][-]{subsection.1.4.4}{\376\377\000A\000k\000t\000i\000v\000e\000-\000M\000e\000n\000g\000e\000n\000-\000S\000t\000r\000a\000t\000e\000g\000i\000e\000\040\000\050\0002\000\051}{section.1.4}% 15
\BOOKMARK [2][-]{subsection.1.4.5}{\376\377\000A\000c\000t\000i\000v\000e\000-\000S\000e\000t\000-\000M\000e\000t\000h\000o\000d\000e\000n\000\040\000\050\0003\000\051}{section.1.4}% 16
\BOOKMARK [2][-]{subsection.1.4.6}{\376\377\000V\000e\000r\000f\000a\000h\000r\000e\000n\000\040\000d\000e\000r\000\040\000k\000o\000n\000j\000u\000g\000i\000e\000r\000t\000e\000n\000\040\000G\000r\000a\000d\000i\000e\000n\000t\000e\000n}{section.1.4}% 17
\BOOKMARK [2][-]{subsection.1.4.7}{\376\377\000M\000e\000t\000h\000o\000d\000e\000\040\000d\000e\000r\000\040\000k\000l\000e\000i\000n\000s\000t\000e\000n\000\040\000Q\000u\000a\000d\000r\000a\000t\000e}{section.1.4}% 18
\BOOKMARK [0][-]{chapter.2}{\376\377\000u\000f\000P\000r\000o}{}% 19
\BOOKMARK [1][-]{section.2.1}{\376\377\000P\000e\000n\000d\000i\000n\000g\000\040\000T\000a\000s\000k\000s\000\040\000/\000\040\000T\000o\000D\000o\000s}{chapter.2}% 20
\BOOKMARK [1][-]{section.2.2}{\376\377\000B\000a\000s\000i\000c\000s\000\040\000a\000n\000d\000\040\000P\000r\000e\000v\000i\000e\000w}{chapter.2}% 21
\BOOKMARK [2][-]{subsection.2.2.1}{\376\377\0002\000D\000-\000K\000u\000r\000v\000e\000n}{section.2.2}% 22
\BOOKMARK [2][-]{subsection.2.2.2}{\376\377\000A\000n\000f\000a\000n\000g\000s\000w\000e\000r\000t\000p\000r\000o\000b\000l\000e\000m}{section.2.2}% 23
\BOOKMARK [2][-]{subsection.2.2.3}{\376\377\000D\000i\000e\000\040\000T\000r\000a\000s\000s\000e\000n\000e\000l\000e\000m\000e\000n\000t\000e}{section.2.2}% 24
\BOOKMARK [1][-]{section.2.3}{\376\377\000a\000l\000i\000g\000n\000m\000e\000n\000t\000\040\000d\000a\000t\000a\000\040\000t\000r\000a\000n\000s\000f\000e\000r}{chapter.2}% 25
\BOOKMARK [1][-]{section.2.4}{\376\377\000N\000u\000m\000e\000r\000i\000k\000\040\000d\000e\000r\000\040\000g\000e\000n\000u\000t\000z\000t\000e\000n\000\040\000W\000e\000r\000t\000e\000b\000e\000r\000e\000i\000c\000h\000e}{chapter.2}% 26
\BOOKMARK [2][-]{subsection.2.4.1}{\376\377\000L\000\344\000n\000g\000e\000n\000a\000n\000g\000a\000b\000e\000n\000\040\000u\000n\000d\000\040\000d\000a\000r\000a\000u\000f\000\040\000a\000u\000f\000b\000a\000u\000e\000n\000d\000e\000\040\000W\000e\000r\000t\000e}{section.2.4}% 27
\BOOKMARK [2][-]{subsection.2.4.2}{\376\377\000K\000r\000\374\000m\000m\000u\000n\000g}{section.2.4}% 28
\BOOKMARK [2][-]{subsection.2.4.3}{\376\377\000W\000i\000n\000k\000e\000l}{section.2.4}% 29
\BOOKMARK [1][-]{section.2.5}{\376\377\000N\000o\000t\000w\000e\000n\000d\000i\000g\000e\000\040\000v\000s\000.\000\040\000r\000e\000d\000u\000n\000d\000a\000n\000t\000e\000\040\000P\000a\000r\000a\000m\000e\000t\000r\000i\000s\000i\000e\000r\000u\000n\000g}{chapter.2}% 30
\BOOKMARK [2][-]{subsection.2.5.1}{\376\377\000A\000W\000P\000-\000I\000n\000p\000u\000t}{section.2.5}% 31
\BOOKMARK [2][-]{subsection.2.5.2}{\376\377\000T\000a\000n\000g\000e\000n\000t\000e\000n\000s\000c\000h\000n\000i\000t\000t\000e}{section.2.5}% 32
\BOOKMARK [1][-]{section.2.6}{\376\377\000S\000e\000g\000m\000e\000n\000t\000b\000e\000r\000e\000c\000h\000n\000u\000n\000g}{chapter.2}% 33
\BOOKMARK [2][-]{subsection.2.6.1}{\376\377\000a}{section.2.6}% 34
\BOOKMARK [2][-]{subsection.2.6.2}{\376\377\000b}{section.2.6}% 35
\BOOKMARK [1][-]{section.2.7}{\376\377\000T\000r\000a\000s\000s\000e\000n\000f\000i\000n\000d\000u\000n\000g}{chapter.2}% 36
\BOOKMARK [2][-]{subsection.2.7.1}{\376\377\000a}{section.2.7}% 37
\BOOKMARK [2][-]{subsection.2.7.2}{\376\377\000b}{section.2.7}% 38
\BOOKMARK [1][-]{section.2.8}{\376\377\000T\000r\000a\000s\000s\000e\000n\000o\000p\000t\000i\000m\000i\000e\000r\000u\000n\000g}{chapter.2}% 39
\BOOKMARK [2][-]{subsection.2.8.1}{\376\377\000u\000n\000d\000\040\000n\000o\000c\000h\000\040\000m\000a\000l}{section.2.8}% 40
\BOOKMARK [2][-]{subsection.2.8.2}{\376\377\000A\000n\000w\000e\000n\000d\000u\000n\000g\000s\000f\000\344\000l\000l\000e}{section.2.8}% 41
\BOOKMARK [0][-]{section*.104}{\376\377\000I\000n\000d\000e\000x}{}% 42
