This is pdfTeX, Version 3.141592653-2.6-1.40.28 (TeX Live 2025) (preloaded format=pdflatex 2025.10.30)  31 DEC 2025 00:57
entering extended mode
 restricted \write18 enabled.
 file:line:error style messages enabled.
 %&-line parsing enabled.
**ufTrassePro.ltx
(./ufTrassePro.ltx
LaTeX2e <2025-06-01> patch level 1
L3 programming layer <2025-10-24>
(/usr/local/texlive/2025/texmf-dist/tex/latex/base/report.cls
Document Class: report 2025/01/22 v1.4n Standard LaTeX document class
(/usr/local/texlive/2025/texmf-dist/tex/latex/base/size10.clo
File: size10.clo 2025/01/22 v1.4n Standard LaTeX file (size option)
)
\c@part=\count275
\c@chapter=\count276
\c@section=\count277
\c@subsection=\count278
\c@subsubsection=\count279
\c@paragraph=\count280
\c@subparagraph=\count281
\c@figure=\count282
\c@table=\count283
\abovecaptionskip=\skip49
\belowcaptionskip=\skip50
\bibindent=\dimen148
)
(/usr/local/texlive/2025/texmf-dist/tex/latex/geometry/geometry.sty
Package: geometry 2020/01/02 v5.9 Page Geometry

(/usr/local/texlive/2025/texmf-dist/tex/latex/graphics/keyval.sty
Package: keyval 2022/05/29 v1.15 key=value parser (DPC)
\KV@toks@=\toks17
)
(/usr/local/texlive/2025/texmf-dist/tex/generic/iftex/ifvtex.sty
Package: ifvtex 2019/10/25 v1.7 ifvtex legacy package. Use iftex instead.

(/usr/local/texlive/2025/texmf-dist/tex/generic/iftex/iftex.sty
Package: iftex 2024/12/12 v1.0g TeX engine tests
))
\Gm@cnth=\count284
\Gm@cntv=\count285
\c@Gm@tempcnt=\count286
\Gm@bindingoffset=\dimen149
\Gm@wd@mp=\dimen150
\Gm@odd@mp=\dimen151
\Gm@even@mp=\dimen152
\Gm@layoutwidth=\dimen153
\Gm@layoutheight=\dimen154
\Gm@layouthoffset=\dimen155
\Gm@layoutvoffset=\dimen156
\Gm@dimlist=\toks18
)
(/usr/local/texlive/2025/texmf-dist/tex/latex/pdflscape/pdflscape.sty
Package: pdflscape 2025-06-23 v0.14 Display of landscape pages in PDF

(/usr/local/texlive/2025/texmf-dist/tex/latex/pdflscape/pdflscape-nometadata.st
y
Package: pdflscape-nometadata 2025-06-23 v0.14 Display of landscape pages in PD
F (HO)
 (/usr/local/texlive/2025/texmf-dist/tex/latex/graphics/lscape.sty
Package: lscape 2020/05/28 v3.02 Landscape Pages (DPC)

(/usr/local/texlive/2025/texmf-dist/tex/latex/graphics/graphics.sty
Package: graphics 2024/08/06 v1.4g Standard LaTeX Graphics (DPC,SPQR)

(/usr/local/texlive/2025/texmf-dist/tex/latex/graphics/trig.sty
Package: trig 2023/12/02 v1.11 sin cos tan (DPC)
)
(/usr/local/texlive/2025/texmf-dist/tex/latex/graphics-cfg/graphics.cfg
File: graphics.cfg 2016/06/04 v1.11 sample graphics configuration
)
Package graphics Info: Driver file: pdftex.def on input line 106.

(/usr/local/texlive/2025/texmf-dist/tex/latex/graphics-def/pdftex.def
File: pdftex.def 2025/09/29 v1.2d Graphics/color driver for pdftex
)))
Package pdflscape Info: Auto-detected driver: pdftex on input line 81.
))
(/usr/local/texlive/2025/texmf-dist/tex/latex/graphics/graphicx.sty
Package: graphicx 2024/12/31 v1.2e Enhanced LaTeX Graphics (DPC,SPQR)
\Gin@req@height=\dimen157
\Gin@req@width=\dimen158
)
(/usr/local/texlive/2025/texmf-dist/tex/generic/babel/babel.sty
Package: babel 2025/10/22 v25.14 The multilingual framework for LuaLaTeX, pdfLa
TeX and XeLaTeX
\babel@savecnt=\count287
LaTeX Encoding Info:    Redeclaring text command \ij (encoding OT1) on input li
ne 2050.
LaTeX Encoding Info:    Redeclaring text command \IJ (encoding OT1) on input li
ne 2052.
LaTeX Encoding Info:    Redeclaring text command \ij (encoding T1) on input lin
e 2054.
LaTeX Encoding Info:    Redeclaring text command \IJ (encoding T1) on input lin
e 2055.
LaTeX Encoding Info:    Ignoring declaration for text command \ij (encoding ?) 
on input line 2056.
LaTeX Encoding Info:    Ignoring declaration for text command \IJ (encoding ?) 
on input line 2058.
LaTeX Encoding Info:    Ignoring declaration for text command \SS (encoding ?) 
on input line 2083.
\U@D=\dimen159
\l@unhyphenated=\language90

(/usr/local/texlive/2025/texmf-dist/tex/generic/babel/txtbabel.def)
\bbl@readstream=\read2
\bbl@dirlevel=\count288

(/usr/local/texlive/2025/texmf-dist/tex/generic/babel/locale/de/babel-ngerman.t
ex)
(/usr/local/texlive/2025/texmf-dist/tex/generic/babel/locale/en/babel-english.t
ex)
Package babel Info: Importing font and identification data for ngerman
(babel)             from babel-de.ini. Reported on input line 4295.
 (/usr/local/texlive/2025/texmf-dist/tex/generic/babel-german/ngerman.ldf
Language: ngerman 2024/12/10 v2.15 German support for babel (post-1996 orthogra
phy)

(/usr/local/texlive/2025/texmf-dist/tex/generic/babel-german/ngermanb.ldf
Language: ngermanb 2024/12/10 v2.15 German support for babel (post-1996 orthogr
aphy)
Package babel Info: Making " an active character on input line 122.
))
Package babel Info: Importing font and identification data for english
(babel)             from babel-en.ini. Reported on input line 4295.

(/usr/local/texlive/2025/texmf-dist/tex/generic/babel-english/english.ldf
Language: english 2017/06/06 v3.3r English support from the babel system
Package babel Info: Hyphen rules for 'canadian' set to \l@english
(babel)             (\language0). Reported on input line 102.
Package babel Info: Hyphen rules for 'australian' set to \l@ukenglish
(babel)             (\language22). Reported on input line 105.
Package babel Info: Hyphen rules for 'newzealand' set to \l@ukenglish
(babel)             (\language22). Reported on input line 108.
))
(/usr/local/texlive/2025/texmf-dist/tex/latex/base/makeidx.sty
Package: makeidx 2021/10/04 v1.0m Standard LaTeX package
)
(/usr/local/texlive/2025/texmf-dist/tex/latex/biblatex/biblatex.sty
Package: biblatex 2025/07/10 v3.21 programmable bibliographies (PK/MW)

(/usr/local/texlive/2025/texmf-dist/tex/generic/pdftexcmds/pdftexcmds.sty
Package: pdftexcmds 2020-06-27 v0.33 Utility functions of pdfTeX for LuaTeX (HO
)

(/usr/local/texlive/2025/texmf-dist/tex/generic/infwarerr/infwarerr.sty
Package: infwarerr 2019/12/03 v1.5 Providing info/warning/error messages (HO)
)
(/usr/local/texlive/2025/texmf-dist/tex/generic/ltxcmds/ltxcmds.sty
Package: ltxcmds 2023-12-04 v1.26 LaTeX kernel commands for general use (HO)
)
Package pdftexcmds Info: \pdf@primitive is available.
Package pdftexcmds Info: \pdf@ifprimitive is available.
Package pdftexcmds Info: \pdfdraftmode found.
)
(/usr/local/texlive/2025/texmf-dist/tex/latex/etoolbox/etoolbox.sty
Package: etoolbox 2025/10/02 v2.5m e-TeX tools for LaTeX (JAW)
\etb@tempcnta=\count289
)
(/usr/local/texlive/2025/texmf-dist/tex/latex/kvoptions/kvoptions.sty
Package: kvoptions 2022-06-15 v3.15 Key value format for package options (HO)

(/usr/local/texlive/2025/texmf-dist/tex/latex/kvsetkeys/kvsetkeys.sty
Package: kvsetkeys 2022-10-05 v1.19 Key value parser (HO)
))
(/usr/local/texlive/2025/texmf-dist/tex/latex/logreq/logreq.sty
Package: logreq 2010/08/04 v1.0 xml request logger
\lrq@indent=\count290

(/usr/local/texlive/2025/texmf-dist/tex/latex/logreq/logreq.def
File: logreq.def 2010/08/04 v1.0 logreq spec v1.0
))
(/usr/local/texlive/2025/texmf-dist/tex/latex/base/ifthen.sty
Package: ifthen 2024/03/16 v1.1e Standard LaTeX ifthen package (DPC)
)
(/usr/local/texlive/2025/texmf-dist/tex/latex/url/url.sty
\Urlmuskip=\muskip17
Package: url 2013/09/16  ver 3.4  Verb mode for urls, etc.
)
\c@tabx@nest=\count291
\c@listtotal=\count292
\c@listcount=\count293
\c@liststart=\count294
\c@liststop=\count295
\c@citecount=\count296
\c@citetotal=\count297
\c@multicitecount=\count298
\c@multicitetotal=\count299
\c@instcount=\count300
\c@maxnames=\count301
\c@minnames=\count302
\c@maxitems=\count303
\c@minitems=\count304
\c@citecounter=\count305
\c@maxcitecounter=\count306
\c@savedcitecounter=\count307
\c@uniquelist=\count308
\c@uniquename=\count309
\c@refsection=\count310
\c@refsegment=\count311
\c@maxextratitle=\count312
\c@maxextratitleyear=\count313
\c@maxextraname=\count314
\c@maxextradate=\count315
\c@maxextraalpha=\count316
\c@abbrvpenalty=\count317
\c@highnamepenalty=\count318
\c@lownamepenalty=\count319
\c@maxparens=\count320
\c@parenlevel=\count321
\blx@tempcnta=\count322
\blx@tempcntb=\count323
\blx@tempcntc=\count324
\c@blx@maxsection=\count325
\blx@maxsegment@0=\count326
\blx@notetype=\count327
\blx@parenlevel@text=\count328
\blx@parenlevel@foot=\count329
\blx@sectionciteorder@0=\count330
\blx@sectionciteorderinternal@0=\count331
\blx@entrysetcounter=\count332
\blx@biblioinstance=\count333
\labelnumberwidth=\skip51
\labelalphawidth=\skip52
\biblabelsep=\skip53
\bibitemsep=\skip54
\bibnamesep=\skip55
\bibinitsep=\skip56
\bibparsep=\skip57
\bibhang=\skip58
\blx@bcfin=\read3
\blx@bcfout=\write3
\blx@langwohyphens=\language91
\c@mincomprange=\count334
\c@maxcomprange=\count335
\c@mincompwidth=\count336
Package biblatex Info: Trying to load biblatex default data model...
Package biblatex Info: ... file 'blx-dm.def' found.

(/usr/local/texlive/2025/texmf-dist/tex/latex/biblatex/blx-dm.def
File: blx-dm.def 2025/07/10 v3.21 biblatex datamodel (PK/MW)
)
Package biblatex Info: Trying to load biblatex custom data model...
Package biblatex Info: ... file 'biblatex-dm.cfg' not found.
\c@afterword=\count337
\c@savedafterword=\count338
\c@annotator=\count339
\c@savedannotator=\count340
\c@author=\count341
\c@savedauthor=\count342
\c@bookauthor=\count343
\c@savedbookauthor=\count344
\c@commentator=\count345
\c@savedcommentator=\count346
\c@editor=\count347
\c@savededitor=\count348
\c@editora=\count349
\c@savededitora=\count350
\c@editorb=\count351
\c@savededitorb=\count352
\c@editorc=\count353
\c@savededitorc=\count354
\c@foreword=\count355
\c@savedforeword=\count356
\c@holder=\count357
\c@savedholder=\count358
\c@introduction=\count359
\c@savedintroduction=\count360
\c@namea=\count361
\c@savednamea=\count362
\c@nameb=\count363
\c@savednameb=\count364
\c@namec=\count365
\c@savednamec=\count366
\c@translator=\count367
\c@savedtranslator=\count368
\c@shortauthor=\count369
\c@savedshortauthor=\count370
\c@shorteditor=\count371
\c@savedshorteditor=\count372
\c@labelname=\count373
\c@savedlabelname=\count374
\c@institution=\count375
\c@savedinstitution=\count376
\c@lista=\count377
\c@savedlista=\count378
\c@listb=\count379
\c@savedlistb=\count380
\c@listc=\count381
\c@savedlistc=\count382
\c@listd=\count383
\c@savedlistd=\count384
\c@liste=\count385
\c@savedliste=\count386
\c@listf=\count387
\c@savedlistf=\count388
\c@location=\count389
\c@savedlocation=\count390
\c@organization=\count391
\c@savedorganization=\count392
\c@origlocation=\count393
\c@savedoriglocation=\count394
\c@origpublisher=\count395
\c@savedorigpublisher=\count396
\c@publisher=\count397
\c@savedpublisher=\count398
\c@language=\count399
\c@savedlanguage=\count400
\c@origlanguage=\count401
\c@savedoriglanguage=\count402
\c@pageref=\count403
\c@savedpageref=\count404
\shorthandwidth=\skip59
\shortjournalwidth=\skip60
\shortserieswidth=\skip61
\shorttitlewidth=\skip62
\shortauthorwidth=\skip63
\shorteditorwidth=\skip64
\locallabelnumberwidth=\skip65
\locallabelalphawidth=\skip66
\localshorthandwidth=\skip67
\localshortjournalwidth=\skip68
\localshortserieswidth=\skip69
\localshorttitlewidth=\skip70
\localshortauthorwidth=\skip71
\localshorteditorwidth=\skip72
Package biblatex Info: Trying to load compatibility code...
Package biblatex Info: ... file 'blx-compat.def' found.

(/usr/local/texlive/2025/texmf-dist/tex/latex/biblatex/blx-compat.def
File: blx-compat.def 2025/07/10 v3.21 biblatex compatibility (PK/MW)
)
Package biblatex Info: Trying to load BibTeX backend compatibility...
Package biblatex Info: ... file 'blx-bibtex.def' found.

(/usr/local/texlive/2025/texmf-dist/tex/latex/biblatex/blx-bibtex.def
File: blx-bibtex.def 2025/07/10 v3.21 biblatex compatibility (PK/MW)


Package biblatex Warning: Using fall-back bibtex backend:
(biblatex)                functionality may be reduced/unavailable.

)
Package biblatex Info: Trying to load generic definitions...
Package biblatex Info: ... file 'biblatex.def' found.
 (/usr/local/texlive/2025/texmf-dist/tex/latex/biblatex/biblatex.def
File: biblatex.def 2025/07/10 v3.21 biblatex compatibility (PK/MW)
\c@textcitecount=\count405
\c@textcitetotal=\count406
\c@textcitemaxnames=\count407
\c@biburlbigbreakpenalty=\count408
\c@biburlbreakpenalty=\count409
\c@biburlnumpenalty=\count410
\c@biburlucpenalty=\count411
\c@biburllcpenalty=\count412
\biburlbigskip=\muskip18
\biburlnumskip=\muskip19
\biburlucskip=\muskip20
\biburllcskip=\muskip21
\c@smartand=\count413
)
Package biblatex Info: Trying to load bibliography style 'numeric'...
Package biblatex Info: ... file 'numeric.bbx' found.

(/usr/local/texlive/2025/texmf-dist/tex/latex/biblatex/bbx/numeric.bbx
File: numeric.bbx 2025/07/10 v3.21 biblatex bibliography style (PK/MW)
Package biblatex Info: Trying to load bibliography style 'standard'...
Package biblatex Info: ... file 'standard.bbx' found.

(/usr/local/texlive/2025/texmf-dist/tex/latex/biblatex/bbx/standard.bbx
File: standard.bbx 2025/07/10 v3.21 biblatex bibliography style (PK/MW)
\c@bbx:relatedcount=\count414
\c@bbx:relatedtotal=\count415
))
Package biblatex Info: Trying to load citation style 'numeric'...
Package biblatex Info: ... file 'numeric.cbx' found.

(/usr/local/texlive/2025/texmf-dist/tex/latex/biblatex/cbx/numeric.cbx
File: numeric.cbx 2025/07/10 v3.21 biblatex citation style (PK/MW)
Package biblatex Info: Redefining '\cite'.
Package biblatex Info: Redefining '\parencite'.
Package biblatex Info: Redefining '\footcite'.
Package biblatex Info: Redefining '\footcitetext'.
Package biblatex Info: Redefining '\smartcite'.
Package biblatex Info: Redefining '\supercite'.
Package biblatex Info: Redefining '\textcite'.
Package biblatex Info: Redefining '\textcites'.
Package biblatex Info: Redefining '\cites'.
Package biblatex Info: Redefining '\parencites'.
Package biblatex Info: Redefining '\smartcites'.
)
Package biblatex Info: Trying to load configuration file...
Package biblatex Info: ... file 'biblatex.cfg' found.

(/usr/local/texlive/2025/texmf-dist/tex/latex/biblatex/biblatex.cfg
File: biblatex.cfg 
)
Package biblatex Info: Input encoding 'utf8' detected.
Package biblatex Info: Document encoding is UTF8 ....

(/usr/local/texlive/2025/texmf-dist/tex/latex/l3kernel/expl3.sty
Package: expl3 2025-10-24 L3 programming layer (loader) 

(/usr/local/texlive/2025/texmf-dist/tex/latex/l3backend/l3backend-pdftex.def
File: l3backend-pdftex.def 2025-10-09 L3 backend support: PDF output (pdfTeX)
\l__color_backend_stack_int=\count416
))
Package biblatex Info: ... and expl3
(biblatex)             2025-10-24 L3 programming layer (loader) 
(biblatex)             is new enough (at least 2020/04/06),
(biblatex)             setting 'casechanger=expl3'.

(/usr/local/texlive/2025/texmf-dist/tex/latex/biblatex/blx-case-expl3.sty
(/usr/local/texlive/2025/texmf-dist/tex/latex/l3packages/xparse/xparse.sty
Package: xparse 2025-10-09 L3 Experimental document command parser
)
Package: blx-case-expl3 2025/07/10 v3.21 expl3 case changing code for biblatex
))
(/usr/local/texlive/2025/texmf-dist/tex/latex/amsmath/amsmath.sty
Package: amsmath 2025/06/16 v2.17y AMS math features
\@mathmargin=\skip73

For additional information on amsmath, use the `?' option.
(/usr/local/texlive/2025/texmf-dist/tex/latex/amsmath/amstext.sty
Package: amstext 2024/11/17 v2.01 AMS text

(/usr/local/texlive/2025/texmf-dist/tex/latex/amsmath/amsgen.sty
File: amsgen.sty 1999/11/30 v2.0 generic functions
\@emptytoks=\toks19
\ex@=\dimen160
))
(/usr/local/texlive/2025/texmf-dist/tex/latex/amsmath/amsbsy.sty
Package: amsbsy 1999/11/29 v1.2d Bold Symbols
\pmbraise@=\dimen161
)
(/usr/local/texlive/2025/texmf-dist/tex/latex/amsmath/amsopn.sty
Package: amsopn 2022/04/08 v2.04 operator names
)
\inf@bad=\count417
LaTeX Info: Redefining \frac on input line 233.
\uproot@=\count418
\leftroot@=\count419
LaTeX Info: Redefining \overline on input line 398.
LaTeX Info: Redefining \colon on input line 409.
\classnum@=\count420
\DOTSCASE@=\count421
LaTeX Info: Redefining \ldots on input line 495.
LaTeX Info: Redefining \dots on input line 498.
LaTeX Info: Redefining \cdots on input line 619.
\Mathstrutbox@=\box53
\strutbox@=\box54
LaTeX Info: Redefining \big on input line 721.
LaTeX Info: Redefining \Big on input line 722.
LaTeX Info: Redefining \bigg on input line 723.
LaTeX Info: Redefining \Bigg on input line 724.
\big@size=\dimen162
LaTeX Font Info:    Redeclaring font encoding OML on input line 742.
LaTeX Font Info:    Redeclaring font encoding OMS on input line 743.
\macc@depth=\count422
LaTeX Info: Redefining \bmod on input line 904.
LaTeX Info: Redefining \pmod on input line 909.
LaTeX Info: Redefining \smash on input line 939.
LaTeX Info: Redefining \relbar on input line 969.
LaTeX Info: Redefining \Relbar on input line 970.
\c@MaxMatrixCols=\count423
\dotsspace@=\muskip22
\c@parentequation=\count424
\dspbrk@lvl=\count425
\tag@help=\toks20
\row@=\count426
\column@=\count427
\maxfields@=\count428
\andhelp@=\toks21
\eqnshift@=\dimen163
\alignsep@=\dimen164
\tagshift@=\dimen165
\tagwidth@=\dimen166
\totwidth@=\dimen167
\lineht@=\dimen168
\@envbody=\toks22
\multlinegap=\skip74
\multlinetaggap=\skip75
\mathdisplay@stack=\toks23
LaTeX Info: Redefining \[ on input line 2949.
LaTeX Info: Redefining \] on input line 2950.
)
(/usr/local/texlive/2025/texmf-dist/tex/latex/amsfonts/amssymb.sty
Package: amssymb 2013/01/14 v3.01 AMS font symbols

(/usr/local/texlive/2025/texmf-dist/tex/latex/amsfonts/amsfonts.sty
Package: amsfonts 2013/01/14 v3.01 Basic AMSFonts support
\symAMSa=\mathgroup4
\symAMSb=\mathgroup5
LaTeX Font Info:    Redeclaring math symbol \hbar on input line 98.
LaTeX Font Info:    Overwriting math alphabet `\mathfrak' in version `bold'
(Font)                  U/euf/m/n --> U/euf/b/n on input line 106.
))
(/usr/local/texlive/2025/texmf-dist/tex/latex/amscls/amsthm.sty
Package: amsthm 2020/05/29 v2.20.6
\thm@style=\toks24
\thm@bodyfont=\toks25
\thm@headfont=\toks26
\thm@notefont=\toks27
\thm@headpunct=\toks28
\thm@preskip=\skip76
\thm@postskip=\skip77
\thm@headsep=\skip78
\dth@everypar=\toks29
)
(/usr/local/texlive/2025/texmf-dist/tex/latex/amsmath/amscd.sty
Package: amscd 2017/04/14 v2.1 AMS Commutative Diagrams
\athelp@=\toks30
\minaw@=\dimen169
\bigaw@=\dimen170
\minCDarrowwidth=\dimen171
)
(/usr/local/texlive/2025/texmf-dist/tex/latex/hyperref/hyperref.sty
Package: hyperref 2025-07-12 v7.01o Hypertext links for LaTeX

(/usr/local/texlive/2025/texmf-dist/tex/generic/kvdefinekeys/kvdefinekeys.sty
Package: kvdefinekeys 2019-12-19 v1.6 Define keys (HO)
)
(/usr/local/texlive/2025/texmf-dist/tex/generic/pdfescape/pdfescape.sty
Package: pdfescape 2019/12/09 v1.15 Implements pdfTeX's escape features (HO)
)
(/usr/local/texlive/2025/texmf-dist/tex/latex/hycolor/hycolor.sty
Package: hycolor 2020-01-27 v1.10 Color options for hyperref/bookmark (HO)
)
(/usr/local/texlive/2025/texmf-dist/tex/latex/hyperref/nameref.sty
Package: nameref 2025-06-21 v2.57 Cross-referencing by name of section

(/usr/local/texlive/2025/texmf-dist/tex/latex/refcount/refcount.sty
Package: refcount 2019/12/15 v3.6 Data extraction from label references (HO)
)
(/usr/local/texlive/2025/texmf-dist/tex/generic/gettitlestring/gettitlestring.s
ty
Package: gettitlestring 2019/12/15 v1.6 Cleanup title references (HO)
)
\c@section@level=\count429
) (/usr/local/texlive/2025/texmf-dist/tex/generic/stringenc/stringenc.sty
Package: stringenc 2019/11/29 v1.12 Convert strings between diff. encodings (HO
)
)
\@linkdim=\dimen172
\Hy@linkcounter=\count430
\Hy@pagecounter=\count431

(/usr/local/texlive/2025/texmf-dist/tex/latex/hyperref/pd1enc.def
File: pd1enc.def 2025-07-12 v7.01o Hyperref: PDFDocEncoding definition (HO)
Now handling font encoding PD1 ...
... no UTF-8 mapping file for font encoding PD1
)
(/usr/local/texlive/2025/texmf-dist/tex/generic/intcalc/intcalc.sty
Package: intcalc 2019/12/15 v1.3 Expandable calculations with integers (HO)
)
\Hy@SavedSpaceFactor=\count432

(/usr/local/texlive/2025/texmf-dist/tex/latex/hyperref/puenc.def
File: puenc.def 2025-07-12 v7.01o Hyperref: PDF Unicode definition (HO)
Now handling font encoding PU ...
... no UTF-8 mapping file for font encoding PU
)
Package hyperref Info: Hyper figures OFF on input line 4195.
Package hyperref Info: Link nesting OFF on input line 4200.
Package hyperref Info: Hyper index ON on input line 4203.
Package hyperref Info: Plain pages OFF on input line 4210.
Package hyperref Info: Backreferencing OFF on input line 4215.
Package hyperref Info: Implicit mode ON; LaTeX internals redefined.
Package hyperref Info: Bookmarks ON on input line 4462.
\c@Hy@tempcnt=\count433
LaTeX Info: Redefining \url on input line 4801.
\XeTeXLinkMargin=\dimen173

(/usr/local/texlive/2025/texmf-dist/tex/generic/bitset/bitset.sty
Package: bitset 2019/12/09 v1.3 Handle bit-vector datatype (HO)

(/usr/local/texlive/2025/texmf-dist/tex/generic/bigintcalc/bigintcalc.sty
Package: bigintcalc 2019/12/15 v1.5 Expandable calculations on big integers (HO
)
))
\Fld@menulength=\count434
\Field@Width=\dimen174
\Fld@charsize=\dimen175
Package hyperref Info: Hyper figures OFF on input line 6078.
Package hyperref Info: Link nesting OFF on input line 6083.
Package hyperref Info: Hyper index ON on input line 6086.
Package hyperref Info: backreferencing OFF on input line 6093.
Package hyperref Info: Link coloring OFF on input line 6098.
Package hyperref Info: Link coloring with OCG OFF on input line 6103.
Package hyperref Info: PDF/A mode OFF on input line 6108.
\Hy@abspage=\count435
\c@Item=\count436
\c@Hfootnote=\count437
)
Package hyperref Info: Driver (autodetected): hpdftex.

(/usr/local/texlive/2025/texmf-dist/tex/latex/hyperref/hpdftex.def
File: hpdftex.def 2025-07-12 v7.01o Hyperref driver for pdfTeX
\Fld@listcount=\count438
\c@bookmark@seq@number=\count439

(/usr/local/texlive/2025/texmf-dist/tex/latex/rerunfilecheck/rerunfilecheck.sty
Package: rerunfilecheck 2025-06-21 v1.11 Rerun checks for auxiliary files (HO)

(/usr/local/texlive/2025/texmf-dist/tex/generic/uniquecounter/uniquecounter.sty
Package: uniquecounter 2019/12/15 v1.4 Provide unlimited unique counter (HO)
)
Package uniquecounter Info: New unique counter `rerunfilecheck' on input line 2
84.
)
\Hy@SectionHShift=\skip79
) (/usr/local/texlive/2025/texmf-dist/tex/latex/enumitem/enumitem.sty
Package: enumitem 2025/02/06 v3.11 Customized lists
\labelindent=\skip80
\enit@outerparindent=\dimen176
\enit@toks=\toks31
\enit@inbox=\box55
\enit@count@id=\count440
\enitdp@description=\count441
)
\c@theorem=\count442
\@indexfile=\write4
\openout4 = `ufTrassePro.idx'.


Writing index file ufTrassePro.idx

Package biblatex Warning: 'babel/polyglossia' detected but 'csquotes' missing.
(biblatex)                Loading 'csquotes' recommended.

\@quotelevel=\count443
\@quotereset=\count444
(./ufTrassePro.aux)
\openout1 = `ufTrassePro.aux'.

LaTeX Font Info:    Checking defaults for OML/cmm/m/it on input line 61.
LaTeX Font Info:    ... okay on input line 61.
LaTeX Font Info:    Checking defaults for OMS/cmsy/m/n on input line 61.
LaTeX Font Info:    ... okay on input line 61.
LaTeX Font Info:    Checking defaults for OT1/cmr/m/n on input line 61.
LaTeX Font Info:    ... okay on input line 61.
LaTeX Font Info:    Checking defaults for T1/cmr/m/n on input line 61.
LaTeX Font Info:    ... okay on input line 61.
LaTeX Font Info:    Checking defaults for TS1/cmr/m/n on input line 61.
LaTeX Font Info:    ... okay on input line 61.
LaTeX Font Info:    Checking defaults for OMX/cmex/m/n on input line 61.
LaTeX Font Info:    ... okay on input line 61.
LaTeX Font Info:    Checking defaults for U/cmr/m/n on input line 61.
LaTeX Font Info:    ... okay on input line 61.
LaTeX Font Info:    Checking defaults for PD1/pdf/m/n on input line 61.
LaTeX Font Info:    ... okay on input line 61.
LaTeX Font Info:    Checking defaults for PU/pdf/m/n on input line 61.
LaTeX Font Info:    ... okay on input line 61.

*geometry* driver: auto-detecting
*geometry* detected driver: pdftex
*geometry* verbose mode - [ preamble ] result:
* driver: pdftex
* paper: <default>
* layout: <same size as paper>
* layoutoffset:(h,v)=(0.0pt,0.0pt)
* modes: 
* h-part:(L,W,R)=(92.14519pt, 430.00462pt, 92.14519pt)
* v-part:(T,H,B)=(95.39737pt, 556.47656pt, 143.09605pt)
* \paperwidth=614.295pt
* \paperheight=794.96999pt
* \textwidth=430.00462pt
* \textheight=556.47656pt
* \oddsidemargin=19.8752pt
* \evensidemargin=19.8752pt
* \topmargin=-13.87262pt
* \headheight=12.0pt
* \headsep=25.0pt
* \topskip=10.0pt
* \footskip=30.0pt
* \marginparwidth=65.0pt
* \marginparsep=11.0pt
* \columnsep=10.0pt
* \skip\footins=9.0pt plus 4.0pt minus 2.0pt
* \hoffset=0.0pt
* \voffset=0.0pt
* \mag=1000
* \@twocolumnfalse
* \@twosidefalse
* \@mparswitchfalse
* \@reversemarginfalse
* (1in=72.27pt=25.4mm, 1cm=28.453pt)

(/usr/local/texlive/2025/texmf-dist/tex/context/base/mkii/supp-pdf.mkii
[Loading MPS to PDF converter (version 2006.09.02).]
\scratchcounter=\count445
\scratchdimen=\dimen177
\scratchbox=\box56
\nofMPsegments=\count446
\nofMParguments=\count447
\everyMPshowfont=\toks32
\MPscratchCnt=\count448
\MPscratchDim=\dimen178
\MPnumerator=\count449
\makeMPintoPDFobject=\count450
\everyMPtoPDFconversion=\toks33
) (/usr/local/texlive/2025/texmf-dist/tex/latex/epstopdf-pkg/epstopdf-base.sty
Package: epstopdf-base 2020-01-24 v2.11 Base part for package epstopdf
Package epstopdf-base Info: Redefining graphics rule for `.eps' on input line 4
85.

(/usr/local/texlive/2025/texmf-dist/tex/latex/latexconfig/epstopdf-sys.cfg
File: epstopdf-sys.cfg 2010/07/13 v1.3 Configuration of (r)epstopdf for TeX Liv
e
))
Package biblatex Info: Trying to load language 'english'...
Package biblatex Info: ... file 'english.lbx' found.

(/usr/local/texlive/2025/texmf-dist/tex/latex/biblatex/lbx/english.lbx
File: english.lbx 2025/07/10 v3.21 biblatex localization (PK/MW)
)
Package biblatex Info: Trying to load language 'ngerman'...
Package biblatex Info: ... file 'ngerman.lbx' found.

(/usr/local/texlive/2025/texmf-dist/tex/latex/biblatex/lbx/ngerman.lbx
File: ngerman.lbx 2025/07/10 v3.21 biblatex localization (PK/MW)
Package biblatex Info: Trying to load language 'german'...
Package biblatex Info: ... file 'german.lbx' found.

(/usr/local/texlive/2025/texmf-dist/tex/latex/biblatex/lbx/german.lbx
File: german.lbx 2025/07/10 v3.21 biblatex localization (PK/MW)
)
Package biblatex Info: Trying to load language 'german'...
Package biblatex Info: ... file 'german.lbx' found.

(/usr/local/texlive/2025/texmf-dist/tex/latex/biblatex/lbx/german.lbx
File: german.lbx 2025/07/10 v3.21 biblatex localization (PK/MW)
))
Package biblatex Info: Input encoding 'utf8' detected.
Package biblatex Info: Automatic encoding selection.
(biblatex)             Assuming data encoding 'utf8'.
Package biblatex Info: Input encoding 'utf8' detected.
Package biblatex Info: Data encoding 'utf8' specified.
(biblatex)             No need to reencode data.
\openout3 = `ufTrassePro-blx.bib'.

Package biblatex Info: Trying to load bibliographic data...
Package biblatex Info: ... file 'ufTrassePro.bbl' found.

(./ufTrassePro.bbl)
Package biblatex Info: Reference section=0 on input line 61.
Package biblatex Info: Reference segment=0 on input line 61.
Package hyperref Info: Link coloring OFF on input line 61.
 (./ufTrassePro.out) (./ufTrassePro.out)
\@outlinefile=\write5
\openout5 = `ufTrassePro.out'.

LaTeX Font Info:    Trying to load font information for U+msa on input line 63.


(/usr/local/texlive/2025/texmf-dist/tex/latex/amsfonts/umsa.fd
File: umsa.fd 2013/01/14 v3.01 AMS symbols A
)
LaTeX Font Info:    Trying to load font information for U+msb on input line 63.


(/usr/local/texlive/2025/texmf-dist/tex/latex/amsfonts/umsb.fd
File: umsb.fd 2013/01/14 v3.01 AMS symbols B
)

[1

{/usr/local/texlive/2025/texmf-var/fonts/map/pdftex/updmap/pdftex.map}]
(./ufTrassePro.toc


pdfTeX warning (ext4): destination with the same identifier (name{page.1}) has 
been already used, duplicate ignored
<to be read again> 
                   \relax 
l.135 ...umberline {2.6.2}b}{79}{subsection.2.6.2}
                                                  % [1

])
\tf@toc=\write6
\openout6 = `ufTrassePro.toc'.



[2]

[3

]
Chapter 1.

LaTeX Warning: Citation 'grafitoi' on page 4 undefined on input line 74.



[4

]
Overfull \hbox (8.11287pt too wide) in paragraph at lines 135--136
[]\OT1/cmr/m/n/10 Eine []gerichtete\ (oder []ori-en-tierte\) Kurve ist eine []A
quiv-alen-zk-lasse von We-gen (parametrisierten
 []


Overfull \hbox (7.92172pt too wide) in paragraph at lines 143--144
\OT1/cmr/m/n/10 1\OML/cmm/m/it/10 ; \OT1/cmr/m/n/10 2\OML/cmm/m/it/10 ; [] ; \O
MS/cmsy/m/n/10 1$\OT1/cmr/m/n/10 ) f^^?ur den Weg bzw. die Pa-ram-e-ter-darstel
-lun-gen einer (gerichteten) Kurve. Die entsprechen-
 []



[5]
Overfull \hbox (11.70001pt too wide) in paragraph at lines 173--174
 []\OT1/cmr/bx/n/10 Raumkurven[] \OT1/cmr/m/n/10 Sei $[\OML/cmm/m/it/10 a; b\OT
1/cmr/m/n/10 ] \OMS/cmsy/m/n/10 ^^Z \U/msb/m/n/10 R$ \OT1/cmr/m/n/10 ein In-ter
-vall und $\OML/cmm/m/it/10 c [] [] \OT1/cmr/m/n/10 [\OML/cmm/m/it/10 a; b\OT1/
cmr/m/n/10 ] \OMS/cmsy/m/n/10 ! \U/msb/m/n/10 R[]$ \OT1/cmr/m/n/10 eine nach de
r Bo-genl^^?ange parametrisierte
 []



[6{/usr/local/texlive/2025/texmf-dist/fonts/enc/dvips/cm-super/cm-super-ts1.enc
}]

[7]

[8]

[9]

[10]

[11]

[12]
Overfull \hbox (15.98982pt too wide) in paragraph at lines 358--359
 []\OT1/cmr/bx/n/10 Endgeschwindigkeit[] \OT1/cmr/m/n/10 Die Endgeschwindigkeit
 (auch: Gren-zgeschwindigkeit) ist die Geschwindigkeit,
 []



[13]
Overfull \hbox (41.52475pt too wide) in paragraph at lines 382--383
 []\OT1/cmr/bx/n/10 Kreisbewegung[] \OT1/cmr/m/n/10 Die Geschwindigkeit einer K
reis-be-we-gung beze-ich-net man als Um-fangs-geschwindigkeit
 []



[14]
Overfull \hbox (28.22295pt too wide) in paragraph at lines 428--429
[]\OT1/cmr/m/n/10 Im ho-mo-ge-nen Schw-erefeld wird oft ein karte-sis-ches Ko-o
r-di-naten-sys-tem ver-wen-det. Geschwindigkeiten,
 []


Overfull \hbox (17.10725pt too wide) in paragraph at lines 432--433
\OT1/cmr/m/n/10 ist die Ra-di-algeschwindigkeit null und die Um-fangs-geschwind
igkeit gle-ich der Tan-gen-tialgeschwindigkeit,
 []


Overfull \hbox (17.46841pt too wide) in paragraph at lines 434--435
[]\OT1/cmr/m/n/10 Aus der []Anderung des Ab-stands zum Ko-or-di-natenur-sprung 
(Ra-dius) folgt die Ra-di-algeschwindigkeit:
 []


Overfull \hbox (32.06555pt too wide) in paragraph at lines 436--437
[]\OT1/cmr/m/n/10 Setzt man vo-raus, dass es ein all-ge-mein g^^?ultiges Bezugs
sys-tem gibt, so nennt man die Geschwindigkeiten,
 []



[15]
Overfull \hbox (17.16743pt too wide) in paragraph at lines 454--455
\OT1/cmr/m/n/10 Geschwindigkeits-be-griffe zu ver-wen-den. (Ins-beson-dere kann
 mit dem Wort Aus-bre-itungs-geschwindigkeit
 []



[16]

[17]
Overfull \hbox (3.49617pt too wide) in paragraph at lines 505--506
 []\OT1/cmr/bx/n/10 Gleichm^^?a^^Yig beschle-u-nigte Be-we-gung[] \OT1/cmr/m/n/
10 Von einer gle-ichm^^?a^^Yig beschle-u-nigten Be-we-gung spricht
 []



[18]
Overfull \hbox (13.8229pt too wide) in paragraph at lines 530--531
 []\OT1/cmr/bx/n/10 Spezialfall: Kreis-be-we-gung[] \OT1/cmr/m/n/10 Bei der gle
-ichf^^?ormi-gen Kreis-be-we-gung ist der Beschle-u-ni-gungsvek-
 []



[19]
Overfull \hbox (20.40945pt too wide) in paragraph at lines 550--551
[]\OT1/cmr/m/n/10 Dabei f^^?uhrt man den Kr^^?ummungsra-dius $\OML/cmm/m/it/10 
^^Z$ \OT1/cmr/m/n/10 und den Nor-malenein-heitsvek-tor $[]$ ein. Der Kr^^?ummun
gsra-
 []



[20]
Overfull \hbox (1.98445pt too wide) in paragraph at lines 566--567
 []\OT1/cmr/bx/n/10 Zusammenhang zwis-chen Beschle-u-ni-gung und Kraft[] \OT1/c
mr/m/n/10 Der Zusam-men-hang zwis-chen Beschle-
 []


Overfull \hbox (4.70679pt too wide) in paragraph at lines 585--586
 []\OT1/cmr/bx/n/10 Beschleunigung in der speziellen Rel-a-tivit^^?ats-the-o-ri
e[] \OT1/cmr/m/n/10 Ebenso wie in der klas-sis-chen Mechanik
 []


Overfull \hbox (34.73116pt too wide) in paragraph at lines 585--586
\OT1/cmr/m/n/10 k^^?onnen Beschle-u-ni-gun-gen auch in der speziellen Rel-a-tiv
it^^?ats-the-o-rie (SRT) als Ableitung der Geschwindigkeit
 []



[21]

[22]

[23]
Overfull \hbox (5.63492pt too wide) in paragraph at lines 655--656
[]\OT1/cmr/m/n/10 In Ab-schnit-ten, in de-nen das Fahrzeug sich auf einer Ger-a
den oder mit kon-stan-ter Geschwindigkeit
 []


Overfull \hbox (5.34792pt too wide) in paragraph at lines 661--662
\OT1/cmr/m/n/10 drehung generell be-grenzt. Der san-fte Ver-lauf des Quer-rucke
s beim au-tonomen Fahren ist Forschungs-
 []



[24]
Overfull \hbox (11.85233pt too wide) in paragraph at lines 726--728
\OT1/cmr/m/n/10 bezeichnen wir die \OT1/cmr/m/it/10 zul^^?assige Menge \OT1/cmr
/m/n/10 (oder den \OT1/cmr/m/it/10 zul^^?assi-gen Bere-ich\OT1/cmr/m/n/10 ) des
 Standard-Optimierungsproblems.
 []



[25]

[26]
Overfull \hbox (8.5561pt too wide) in paragraph at lines 776--778
\OT1/cmr/m/it/10 Dann ex-istieren ein-deutig bes-timmte Mul-ti-p-lika-toren $\O
ML/cmm/m/it/10 ^^V \OT1/cmr/m/n/10 = (\OML/cmm/m/it/10 ^^V[]; [] ; ^^V[]\OT1/cm
r/m/n/10 )[] \OMS/cmsy/m/n/10 2 \U/msb/m/n/10 R[]$ \OT1/cmr/m/it/10 und $\OML/c
mm/m/it/10 ^^W \OT1/cmr/m/n/10 = (\OML/cmm/m/it/10 ^^W[]; [] ; ^^W[]\OT1/cmr/m/
n/10 )[] \OMS/cmsy/m/n/10 2
 []



[27]

[28]

[29]

[30]
Overfull \hbox (37.80186pt too wide) in paragraph at lines 936--937
\OT1/cmr/m/n/10 Ap-prox-i-ma-tion des Standard-Optimierungsproblems durch ein l
inear-quadratisches Op-ti-mierungsprob-
 []


Overfull \hbox (30.22693pt too wide) in paragraph at lines 937--938
[]\OT1/cmr/m/it/10 Innere-Punkte-Verfahren (IP): \OT1/cmr/m/n/10 Innere-Punkte-
Verfahren ver-wen-den so-ge-nan-nte Bar-rie-re-Funktionen,
 []


Overfull \hbox (0.88501pt too wide) in paragraph at lines 937--938
\OT1/cmr/m/n/10 um Un-gle-ichungsnebenbe-din-gun-gen zu eli-m-inieren und diese
 ^^?ahn-lich wie bei Penalty-Verfahren
 []


Overfull \hbox (11.635pt too wide) in paragraph at lines 938--939
\OT1/cmr/m/n/10 Dazu wer-den die Kom-ple-men-tarit^^?atsprob-leme en-tweder als
 Vari-a-tion-sun-gle-ichung umgeschrieben
 []



[31]

[32]

[33]

[34]
Overfull \hbox (8.50159pt too wide) in paragraph at lines 1066--1068
\OT1/cmr/m/n/10 und hei^^Yt er-weit-erte \OT1/cmr/m/it/10 Lagrange-Funktion (au
g-mented La-grangian) \OT1/cmr/m/n/10 oder \OT1/cmr/m/it/10 Multiplikator-Penal
ty-Funktion\OT1/cmr/m/n/10 . 
 []



[35]

[36]
Overfull \hbox (1.94049pt too wide) in paragraph at lines 1181--1182
[]\OT1/cmr/m/n/10 Anwendung des New-ton-ver-fahrens auf die notwendi-gen Be-din
-gung $\OMS/cmsy/m/n/10 r\OML/cmm/m/it/10 f \OT1/cmr/m/n/10 = 0$ (in-di-rek-ter
 Ansatz); 
 []



[37]

[38]
Overfull \hbox (17.12231pt too wide) in paragraph at lines 1255--1256
[][]\OT1/cmr/m/it/10 Es ist nicht notwendig, die In-dex-menge $\OMS/cmsy/m/n/10
 A\OT1/cmr/m/n/10 ([])$ \OT1/cmr/m/it/10 der ak-tiven Un-gle-ichungsnebenbe-
 []


Overfull \hbox (11.13773pt too wide) in paragraph at lines 1264--1265
[]$[]$ \OT1/cmr/m/it/10 ist lokales Min-i-mum des Standard-Optimierungsproblems
 und $[]$ und $[]$ beze-ich-nen die Lagrange-
 []



[39]

LaTeX Font Warning: Font shape `OT1/cmr/m/scit' undefined
(Font)              using `OT1/cmr/m/sc' instead on input line 1283.


LaTeX Font Warning: Font shape `OT1/cmr/m/scit' undefined
(Font)              using `OT1/cmr/m/sc' instead on input line 1285.


LaTeX Font Warning: Font shape `OT1/cmr/m/scit' undefined
(Font)              using `OT1/cmr/m/sc' instead on input line 1301.



[40]

[41]
Overfull \hbox (5.17906pt too wide) in paragraph at lines 1348--1350
\OT1/cmr/m/it/10 hei^^Yt ex-akt in einem lokalen Min-i-mum $[]$ des Standard-Op
timierungsproblems, falls es einen endlichen
 []


LaTeX Font Warning: Font shape `OT1/cmr/m/scit' undefined
(Font)              using `OT1/cmr/m/sc' instead on input line 1379.



[42]

[43]

LaTeX Font Warning: Font shape `OT1/cmr/m/scit' undefined
(Font)              using `OT1/cmr/m/sc' instead on input line 1420.



[44]
Overfull \hbox (13.94057pt too wide) in paragraph at lines 1459--1460
\OT1/cmr/m/n/10 Wir wid-men uns nun einem Ver-fahren zur L^^?osung des wohl ein
-fach-sten nicht-lin-earen Op-ti-mierungsprob-
 []


Overfull \hbox (6.74611pt too wide) in paragraph at lines 1542--1543
[]\OT1/cmr/m/n/10 Wir lassen nun auch Un-gle-ichun-gen zu und be-tra-chten all-
ge-meine quadratis-che Op-ti-mierungsprob-
 []



[45]

[46]

[47]

[48]

[49]

[50]

[51]

[52]

[53]
Overfull \hbox (10.85529pt too wide) in paragraph at lines 1920--1922
\OT1/cmr/m/n/10 Falls alle $\OML/cmm/m/it/10 ^^V[] \OMS/cmsy/m/n/10 ^^U \OT1/cm
r/m/n/10 0$ sind, erf^^?ullen $\OML/cmm/m/it/10 x[]$ \OT1/cmr/m/n/10 und $\OML/
cmm/m/it/10 ^^V$ \OT1/cmr/m/n/10 die \OT1/cmr/m/sc/10 Karush-Kuhn-Tucker\OT1/cm
r/m/n/10 -Bedingungen, welche notwendige
 []



[54]

LaTeX Font Warning: Font shape `OT1/cmr/m/scit' undefined
(Font)              using `OT1/cmr/m/sc' instead on input line 1966.



[55]

[56]
Overfull \hbox (3.78159pt too wide) in paragraph at lines 1998--1999
[]\OT1/cmr/m/sc/10 Gau^^Y \OT1/cmr/m/n/10 und \OT1/cmr/m/sc/10 Leg-en-dre \OT1/
cmr/m/n/10 hat-ten die Idee, Verteilungsan-nah-men ^^?uber die Mess-fehler dies
er Beobach-
 []



[57]

[58]

[59]
Overfull \hbox (3.29233pt too wide) in paragraph at lines 2123--2125
\OT1/cmr/m/n/10 eindeutig an-a-lytisch gel^^?ost wer-den (siehe n^^?achster Ab-
schnitt). Im gen-er-al-isierten Fall der gewichteten
 []



[60]

[61]

[62]
Overfull \hbox (2.50899pt too wide) in paragraph at lines 2207--2208
 []\OT1/cmr/bx/n/10 Probleme mit Nebenbe-din-gun-gen[] \OT1/cmr/m/n/10 H^^?aufi
g sind Zusatz-in-for-ma-tio-nen an die Pa-ram-e-ter bekannt,
 []


Overfull \hbox (36.74605pt too wide) in paragraph at lines 2217--2218
[]\OT1/cmr/m/n/10 Quadratische Un-gle-ichun-gen ergeben sich beispiel-sweise be
i der Nutzung einer Tychonow-Regularisierung
 []



[63]
Overfull \hbox (2.46841pt too wide) in paragraph at lines 2233--2234
[]\OT1/cmr/m/n/10 Aktuelle Pro-gramme ar-beiten h^^?aufig mit einer Vari-ante, 
dem Levenberg-Marquardt-Algorithmus.
 []



[64]

[65]
Chapter 2.

Overfull \hbox (10.16278pt too wide) in paragraph at lines 2289--2290
\OT1/cmr/m/n/10 L^^?ange 1, und sind somit ein-deutig mit Sinus- und Cos-i-nusw
ert des zu-grun-deliegen-den Rich-tungswinkels
 []



[66

]

[67]
Overfull \hbox (1.60721pt too wide) in paragraph at lines 2409--2410
\OT1/cmr/m/n/10 [0\OML/cmm/m/it/10 ; \OT1/cmr/m/n/10 1]$) und stetiger (teils a
uch in den An-schl^^?ussen glat-ter h^^?oherer Ord-nung) []Anderung der Kr^^?um
mung
 []



[68]

LaTeX Warning: Citation 'kufver:1997' on page 69 undefined on input line 2413.


LaTeX Font Warning: Font shape `OT1/cmr/bx/sc' undefined
(Font)              using `OT1/cmr/bx/n' instead on input line 2422.



[69]

[70]

[71]

LaTeX Warning: Command \textendash invalid in math mode on input line 2554.


LaTeX Warning: Command \textendash invalid in math mode on input line 2558.



[72]

LaTeX Warning: Command \textendash invalid in math mode on input line 2562.



[73]

[74

]

[75]

[76]

[77

]
Overfull \hbox (8.29759pt too wide) in paragraph at lines 2768--2788
 [] 
 []


Overfull \hbox (12.10728pt too wide) in paragraph at lines 2799--2800
\OT1/cmr/m/n/10 Die 1-dim. L^^?ange wird schlicht als Float32 resp. Float64 be-
han-delt. H^^?oher-dimensionales entsprechend
 []



[78]

[79]

[80]

[81]

[82]

[83]

LaTeX Warning: Empty bibliography on input line 3120.


Package hyperref Warning: No destination for bookmark of \addcontentsline,
(hyperref)                destination is added on input line 3122.

(./ufTrassePro.ind

[84]



[85


]) (./ufTrassePro.aux)
 ***********
LaTeX2e <2025-06-01> patch level 1
L3 programming layer <2025-10-24>
 ***********


LaTeX Font Warning: Some font shapes were not available, defaults substituted.


LaTeX Warning: There were undefined references.


LaTeX Warning: Label(s) may have changed. Rerun to get cross-references right.

Package rerunfilecheck Info: File `ufTrassePro.out' has not changed.
(rerunfilecheck)             Checksum: 228EA74A5FE6611639C5FE84DB43C976;6247.

Package biblatex Warning: Please (re)run BibTeX on the file(s):
(biblatex)                ufTrassePro
(biblatex)                and rerun LaTeX afterwards.

Package logreq Info: Writing requests to 'ufTrassePro.run.xml'.
\openout1 = `ufTrassePro.run.xml'.

 ) 
Here is how much of TeX's memory you used:
 19867 strings out of 467747
 342326 string characters out of 5426941
 1023877 words of memory out of 5000000
 47930 multiletter control sequences out of 15000+600000
 642686 words of font info for 95 fonts, out of 8000000 for 9000
 1143 hyphenation exceptions out of 8191
 87i,18n,93p,1884b,2371s stack positions out of 10000i,1000n,20000p,200000b,200000s
</usr/local/texlive/2025/texmf-dist/fonts/type1/public/amsfonts/cm/cmbx10.pfb
></usr/local/texlive/2025/texmf-dist/fonts/type1/public/amsfonts/cm/cmbx12.pfb>
</usr/local/texlive/2025/texmf-dist/fonts/type1/public/amsfonts/cm/cmbx7.pfb></
usr/local/texlive/2025/texmf-dist/fonts/type1/public/amsfonts/cm/cmbxti10.pfb><
/usr/local/texlive/2025/texmf-dist/fonts/type1/public/amsfonts/cm/cmcsc10.pfb><
/usr/local/texlive/2025/texmf-dist/fonts/type1/public/amsfonts/cm/cmex10.pfb></
usr/local/texlive/2025/texmf-dist/fonts/type1/public/amsfonts/cm/cmmi10.pfb></u
sr/local/texlive/2025/texmf-dist/fonts/type1/public/amsfonts/cm/cmmi5.pfb></usr
/local/texlive/2025/texmf-dist/fonts/type1/public/amsfonts/cm/cmmi6.pfb></usr/l
ocal/texlive/2025/texmf-dist/fonts/type1/public/amsfonts/cm/cmmi7.pfb></usr/loc
al/texlive/2025/texmf-dist/fonts/type1/public/amsfonts/cm/cmmi8.pfb></usr/local
/texlive/2025/texmf-dist/fonts/type1/public/amsfonts/cm/cmr10.pfb></usr/local/t
exlive/2025/texmf-dist/fonts/type1/public/amsfonts/cm/cmr12.pfb></usr/local/tex
live/2025/texmf-dist/fonts/type1/public/amsfonts/cm/cmr17.pfb></usr/local/texli
ve/2025/texmf-dist/fonts/type1/public/amsfonts/cm/cmr5.pfb></usr/local/texlive/
2025/texmf-dist/fonts/type1/public/amsfonts/cm/cmr6.pfb></usr/local/texlive/202
5/texmf-dist/fonts/type1/public/amsfonts/cm/cmr7.pfb></usr/local/texlive/2025/t
exmf-dist/fonts/type1/public/amsfonts/cm/cmr8.pfb></usr/local/texlive/2025/texm
f-dist/fonts/type1/public/amsfonts/cm/cmss8.pfb></usr/local/texlive/2025/texmf-
dist/fonts/type1/public/amsfonts/cm/cmsy10.pfb></usr/local/texlive/2025/texmf-d
ist/fonts/type1/public/amsfonts/cm/cmsy5.pfb></usr/local/texlive/2025/texmf-dis
t/fonts/type1/public/amsfonts/cm/cmsy7.pfb></usr/local/texlive/2025/texmf-dist/
fonts/type1/public/amsfonts/cm/cmsy8.pfb></usr/local/texlive/2025/texmf-dist/fo
nts/type1/public/amsfonts/cm/cmti10.pfb></usr/local/texlive/2025/texmf-dist/fon
ts/type1/public/amsfonts/cm/cmtt10.pfb></usr/local/texlive/2025/texmf-dist/font
s/type1/public/amsfonts/symbols/msbm10.pfb></usr/local/texlive/2025/texmf-dist/
fonts/type1/public/amsfonts/symbols/msbm7.pfb></usr/local/texlive/2025/texmf-di
st/fonts/type1/public/cm-super/sfrm1000.pfb>
Output written on ufTrassePro.pdf (86 pages, 637726 bytes).
PDF statistics:
 1115 PDF objects out of 1200 (max. 8388607)
 961 compressed objects within 10 object streams
 388 named destinations out of 1000 (max. 500000)
 337 words of extra memory for PDF output out of 10000 (max. 10000000)

